<?xml version="1.0" encoding="UTF-8"?>
<!-- Generated by org.testng.reporters.JUnitXMLReporter -->
<testsuite ignored="0" hostname="Meenhazs-Air.home" failures="0" tests="4" name="Default test" time="0.125" errors="0" timestamp="2020-09-08T10:57:25 EDT">
  <testcase classname="test.Day2" name="Bye" time="0.011"/>
  <testcase classname="test.Day2" name="Bye" time="0.003"/>
  <testcase classname="test.Day2" name="Bye" time="0.006"/>
  <testcase classname="test.Day2" name="Hello" time="0.004"/>
</testsuite> <!-- Default test -->
