<?xml version="1.0" encoding="UTF-8"?>
<!-- Generated by org.testng.reporters.JUnitXMLReporter -->
<testsuite ignored="0" hostname="Meenhazs-Air.home" failures="0" tests="3" name="Car Loan" time="0.024" errors="0" timestamp="2020-09-08T10:29:37 EDT">
  <testcase classname="test.Day3" name="MobileLogincarLoan" time="0.002"/>
  <testcase classname="test.Day3" name="WebloginCarLoan" time="0.003"/>
  <testcase classname="test.Day3" name="MobileLoginAPIcarLoan" time="0.002"/>
</testsuite> <!-- Car Loan -->
