<?xml version="1.0" encoding="UTF-8"?>
<!-- Generated by org.testng.reporters.JUnitXMLReporter -->
<testsuite ignored="0" hostname="Meenhazs-Air.home" failures="0" tests="6" name="Personal Loan" time="0.132" errors="0" timestamp="2020-09-08T10:29:37 EDT">
  <testcase classname="test.Day1" name="sample1" time="0.012"/>
  <testcase classname="test.Day2" name="Bye" time="0.003"/>
  <testcase classname="test.Day2" name="Hello" time="0.003"/>
  <testcase classname="test.Day4" name="LoginAPIcarLoan" time="0.004"/>
  <testcase classname="test.Day4" name="MobileLoginHomeLoan" time="0.003"/>
  <testcase classname="test.Day4" name="WebloginHomeLoan" time="0.007"/>
</testsuite> <!-- Personal Loan -->
